
> app@0.1.0 build
> next build

  ▲ Next.js 14.2.35

   Creating an optimized production build ...
 ⚠ Compiled with warnings

../../node_modules/@metamask/sdk/dist/browser/es/metamask-sdk.js
Module not found: Can't resolve '@react-native-async-storage/async-storage' in '/app/node_modules/@metamask/sdk/dist/browser/es'

Import trace for requested module:
../../node_modules/@metamask/sdk/dist/browser/es/metamask-sdk.js
../../node_modules/@wagmi/connectors/dist/esm/metaMask.js
../../node_modules/@wagmi/connectors/dist/esm/exports/index.js
../../node_modules/wagmi/dist/esm/exports/connectors.js
../../node_modules/@rainbow-me/rainbowkit/dist/index.js
./components/Navbar.tsx

../../node_modules/pino/lib/tools.js
Module not found: Can't resolve 'pino-pretty' in '/app/node_modules/pino/lib'

Import trace for requested module:
../../node_modules/pino/lib/tools.js
../../node_modules/pino/pino.js
../../node_modules/@walletconnect/logger/dist/index.es.js
../../node_modules/@walletconnect/universal-provider/dist/index.es.js
../../node_modules/@walletconnect/ethereum-provider/dist/index.es.js
../../node_modules/@wagmi/connectors/dist/esm/walletConnect.js
../../node_modules/@wagmi/connectors/dist/esm/exports/index.js
../../node_modules/wagmi/dist/esm/exports/connectors.js
../../node_modules/@rainbow-me/rainbowkit/dist/index.js
./components/Navbar.tsx

 ⚠ Compiled with warnings

../../node_modules/@metamask/sdk/dist/browser/es/metamask-sdk.js
Module not found: Can't resolve '@react-native-async-storage/async-storage' in '/app/node_modules/@metamask/sdk/dist/browser/es'

Import trace for requested module:
../../node_modules/@metamask/sdk/dist/browser/es/metamask-sdk.js
../../node_modules/@wagmi/connectors/dist/esm/metaMask.js
../../node_modules/@wagmi/connectors/dist/esm/exports/index.js
../../node_modules/wagmi/dist/esm/exports/connectors.js
../../node_modules/@rainbow-me/rainbowkit/dist/index.js
./components/Navbar.tsx

 ✓ Compiled successfully
   Linting and checking validity of types ...
   Collecting page data ...
   Generating static pages (0/7) ...
   Generating static pages (1/7)
   Generating static pages (3/7)
   Generating static pages (5/7)
 ✓ Generating static pages (7/7)
   Finalizing page optimization ...
   Collecting build traces ...

Route (app)                              Size     First Load JS
┌ ○ /                                    10.1 kB         109 kB
├ ○ /_not-found                          880 B          90.8 kB
├ ○ /admin                               19.4 kB         192 kB
└ ○ /markets                             6.29 kB         175 kB
+ First Load JS shared by all            89.9 kB
  ├ chunks/1528-1c7fdffc72e7eacf.js      31.9 kB
  ├ chunks/1dd3208c-091e1e832e7c1381.js  53.6 kB
  └ other shared chunks (total)          4.45 kB


○  (Static)  prerendered as static content
