
> app@0.1.0 dev
> next dev

  ▲ Next.js 14.2.35
  - Local:        http://localhost:3000
  - Environments: .env.local

 ✓ Starting...
 ✓ Ready in 1817ms
 ○ Compiling / ...
 ✓ Compiled / in 48.8s (11092 modules)
Lit is in dev mode. Not recommended for production! See https://lit.dev/msg/dev-mode for more information.
[Reown Config] Failed to fetch remote project configuration. Using local/default values. Error: HTTP status code: 403
    at fetchData (webpack-internal:///(ssr)/../../node_modules/@reown/appkit-controllers/dist/esm/src/utils/FetchUtil.js:9:21)
    at process.processTicksAndRejections (node:internal/process/task_queues:103:5)
    at async FetchUtil.get (webpack-internal:///(ssr)/../../node_modules/@reown/appkit-controllers/dist/esm/src/utils/FetchUtil.js:24:26)
    at async Object.fetchProjectConfig (webpack-internal:///(ssr)/../../node_modules/@reown/appkit-controllers/dist/esm/src/controllers/ApiController.js:118:26)
    at async Object.fetchRemoteFeatures (webpack-internal:///(ssr)/../../node_modules/@reown/appkit/dist/esm/src/utils/ConfigUtil.js:186:32)
    at async AppKit.initialize (webpack-internal:///(ssr)/../../node_modules/@reown/appkit/dist/esm/src/client/appkit-base-client.js:237:31) {
  [cause]: Response {
    status: 403,
    statusText: 'Forbidden',
    headers: Headers {
      date: 'Tue, 31 Mar 2026 22:30:19 GMT',
      'content-type': 'text/plain; charset=UTF-8',
      'content-length': '9',
      connection: 'keep-alive',
      'access-control-allow-origin': '*',
      'cache-control': 'public, max-age=300, s-maxage=300',
      server: 'cloudflare',
      'cf-ray': '9e52cc435f494fa9-ORD',
      'alt-svc': 'h3=":443"; ma=86400'
    },
    body: ReadableStream { locked: false, state: 'readable', supportsBYOB: true },
    bodyUsed: false,
    ok: false,
    redirected: false,
    type: 'default',
    url: 'https://api.web3modal.org/appkit/v1/config?projectId=your-walletconnect-project-id&st=appkit&sv=html-core-1.7.8'
  }
}
 ✓ Compiled in 4s (5216 modules)
 GET / 200 in 390ms
 HEAD / 200 in 34ms
